<?xml version="1.0" encoding="UTF-8"?>
<!-- Generated by org.testng.reporters.JUnitReportReporter -->
<testsuite hostname="Flynn" failures="0" tests="6" name="testNgPack.TestNgClass1" time="33.121" errors="0" timestamp="2023-03-03T15:17:38 IST" skipped="0">
  <testcase classname="testNgPack.TestNgClass1" name="Test3" time="3.020"/>
  <system-out/>
  <testcase classname="testNgPack.TestNgClass1" name="Test6" time="3.023"/>
  <system-out/>
  <testcase classname="testNgPack.TestNgClass1" name="Test1" time="18.009"/>
  <system-out/>
  <testcase classname="testNgPack.TestNgClass1" name="Test2" time="3.027"/>
  <system-out/>
  <testcase classname="testNgPack.TestNgClass1" name="Test4" time="3.024"/>
  <system-out/>
  <testcase classname="testNgPack.TestNgClass1" name="Test5" time="3.018"/>
  <system-out/>
</testsuite> <!-- testNgPack.TestNgClass1 -->
